{
  "RSpec": {
    "coverage": {
      "C:/Users/an_n1konoff/RubymineProjects/Monti-Hall/door.rb": {
        "lines": [
          1,
          1,
          12,
          11,
          11,
          11,
          null,
          null,
          1,
          9,
          1,
          null,
          8,
          2,
          null,
          6,
          null,
          3,
          null,
          2,
          null,
          1,
          null,
          null,
          null,
          1,
          9,
          null,
          3,
          null,
          3,
          null,
          2,
          null,
          1,
          null,
          null,
          null,
          1,
          null,
          null
        ]
      },
      "C:/Users/an_n1konoff/RubymineProjects/Monti-Hall/player.rb": {
        "lines": [
          1,
          1,
          0,
          0,
          0,
          null,
          null,
          1,
          0,
          null,
          0,
          0,
          null,
          null,
          0,
          0,
          null,
          null,
          0,
          null,
          0,
          null,
          null,
          1,
          0,
          null,
          0,
          null,
          0,
          null,
          null,
          null,
          null,
          1,
          null,
          1,
          null
        ]
      },
      "C:/Users/an_n1konoff/RubymineProjects/Monti-Hall/game.rb": {
        "lines": [
          1,
          1,
          null,
          1,
          1,
          null,
          1,
          18,
          2,
          null,
          62,
          15,
          15,
          15,
          14,
          null,
          null,
          1,
          9,
          null,
          null,
          1,
          2,
          2,
          6,
          null,
          2,
          2,
          2,
          null,
          null,
          null,
          1,
          5,
          20,
          5,
          4,
          null,
          1,
          null,
          5,
          null,
          null,
          1,
          10,
          null,
          null,
          1,
          6,
          6,
          null,
          2,
          null,
          2,
          null,
          2,
          null,
          0,
          null,
          null,
          null,
          1,
          1,
          1,
          1,
          1,
          1,
          null,
          1,
          null,
          null,
          1,
          1,
          1,
          0,
          0,
          0,
          null,
          null,
          null,
          1,
          1,
          1,
          1,
          1,
          1,
          1,
          null,
          null,
          null,
          1,
          6,
          6,
          null,
          null
        ]
      },
      "C:/Users/an_n1konoff/RubymineProjects/Monti-Hall/simulation.rb": {
        "lines": [
          1,
          null,
          1,
          1,
          2404,
          2403,
          2401,
          2401,
          2401,
          2401,
          2401,
          2401,
          2401,
          2400,
          null,
          null,
          1,
          2701,
          27000001,
          27000000,
          27000000,
          27000000,
          27000000,
          27000000,
          null,
          null,
          null,
          1,
          2400,
          2400,
          2400,
          2400,
          null,
          2400,
          2400,
          2400,
          2400,
          null,
          null,
          null,
          null
        ]
      }
    },
    "timestamp": 1725531085
  }
}
