{
  "RSpec": {
    "coverage": {
      "C:/Users/an_n1konoff/RubymineProjects/Monti-Hall/door.rb": {
        "lines": [
          1,
          1,
          30012,
          30011,
          30011,
          30011,
          null,
          null,
          1,
          20009,
          1,
          null,
          20008,
          2,
          null,
          20006,
          null,
          10003,
          null,
          10002,
          null,
          1,
          null,
          null,
          null,
          1,
          110165,
          null,
          20003,
          null,
          10055,
          null,
          80106,
          null,
          1,
          null,
          null,
          null,
          1,
          null,
          null,
          null,
          null,
          null,
          null,
          null,
          null
        ]
      },
      "C:/Users/an_n1konoff/RubymineProjects/Monti-Hall/player.rb": {
        "lines": [
          1,
          1,
          10000,
          10000,
          10000,
          null,
          null,
          1,
          40052,
          null,
          25026,
          0,
          null,
          null,
          15026,
          0,
          null,
          null,
          0,
          null,
          40052,
          null,
          null,
          1,
          95026,
          null,
          95026,
          null,
          0,
          null,
          null,
          null,
          null,
          1,
          null,
          1,
          null,
          null,
          null,
          null,
          null,
          null,
          null,
          null,
          null,
          null,
          null
        ]
      },
      "C:/Users/an_n1konoff/RubymineProjects/Monti-Hall/game.rb": {
        "lines": [
          1,
          1,
          null,
          1,
          1,
          null,
          1,
          10018,
          2,
          null,
          40062,
          10015,
          10015,
          10015,
          10014,
          null,
          null,
          1,
          10009,
          null,
          null,
          1,
          5028,
          5028,
          15084,
          null,
          5028,
          5028,
          5028,
          null,
          null,
          null,
          1,
          10005,
          40020,
          10005,
          6699,
          null,
          3306,
          null,
          10005,
          null,
          null,
          1,
          20011,
          null,
          null,
          1,
          10006,
          10006,
          null,
          10002,
          null,
          2,
          null,
          2,
          null,
          0,
          null,
          null,
          null,
          1,
          10001,
          10001,
          10001,
          5027,
          5027,
          null,
          10001,
          null,
          null,
          1,
          1,
          1,
          1,
          1,
          1,
          null,
          null,
          null,
          1,
          1,
          1,
          1,
          1,
          1,
          1,
          null,
          null,
          null,
          1,
          10006,
          10006,
          null,
          null,
          null,
          null,
          null,
          null,
          null,
          null,
          null,
          null,
          null,
          null,
          null,
          null,
          null,
          null,
          null,
          null,
          null,
          null,
          null,
          null,
          null,
          null,
          null,
          null,
          null
        ]
      },
      "C:/Users/an_n1konoff/RubymineProjects/Monti-Hall/simulation.rb": {
        "lines": [
          1,
          null,
          1,
          1,
          2405,
          2404,
          2402,
          2402,
          2402,
          2402,
          2402,
          2402,
          2402,
          2401,
          null,
          null,
          1,
          2702,
          27010001,
          27010000,
          27010000,
          27010000,
          27010000,
          27010000,
          null,
          null,
          null,
          1,
          2401,
          2401,
          2401,
          2401,
          null,
          2401,
          2401,
          2401,
          2401,
          null,
          null,
          null,
          null,
          1,
          null,
          null,
          null,
          null,
          null,
          null
        ]
      }
    },
    "timestamp": 1725539012
  }
}
